0 info it worked if it ends with ok
1 verbose cli [ 'node', '/usr/local/bin/npm', '-g', 'install', 'sails' ]
2 info using npm@1.4.28
3 info using node@v0.10.35
4 verbose cache add [ 'sails', null ]
5 verbose cache add name=undefined spec="sails" args=["sails",null]
6 verbose parsed url { protocol: null,
6 verbose parsed url   slashes: null,
6 verbose parsed url   auth: null,
6 verbose parsed url   host: null,
6 verbose parsed url   port: null,
6 verbose parsed url   hostname: null,
6 verbose parsed url   hash: null,
6 verbose parsed url   search: null,
6 verbose parsed url   query: null,
6 verbose parsed url   pathname: 'sails',
6 verbose parsed url   path: 'sails',
6 verbose parsed url   href: 'sails' }
7 silly lockFile e20e6cdc-sails sails
8 verbose lock sails /Users/Anthony/.npm/e20e6cdc-sails.lock
9 silly lockFile e20e6cdc-sails sails
10 silly lockFile e20e6cdc-sails sails
11 verbose addNamed [ 'sails', '' ]
12 verbose addNamed [ null, '*' ]
13 silly lockFile 5291d548-sails sails@
14 verbose lock sails@ /Users/Anthony/.npm/5291d548-sails.lock
15 silly addNameRange { name: 'sails', range: '*', hasData: false }
16 verbose request where is /sails
17 verbose request registry https://registry.npmjs.org/
18 verbose request id 7d7d9d50f65f26ba
19 verbose url raw /sails
20 verbose url resolving [ 'https://registry.npmjs.org/', './sails' ]
21 verbose url resolved https://registry.npmjs.org/sails
22 verbose request where is https://registry.npmjs.org/sails
23 info trying registry request attempt 1 at 09:51:34
24 verbose etag "5B9JMR9E4IDPYZ76OVZPCBOIM"
25 http GET https://registry.npmjs.org/sails
26 http 304 https://registry.npmjs.org/sails
27 silly registry.get cb [ 304,
27 silly registry.get   { date: 'Tue, 03 Mar 2015 08:51:36 GMT',
27 silly registry.get     server: 'Apache',
27 silly registry.get     via: '1.1 varnish',
27 silly registry.get     'last-modified': 'Tue, 03 Mar 2015 08:51:36 GMT',
27 silly registry.get     'cache-control': 'max-age=60',
27 silly registry.get     etag: '"5B9JMR9E4IDPYZ76OVZPCBOIM"',
27 silly registry.get     age: '15',
27 silly registry.get     'x-served-by': 'cache-lhr6328-LHR',
27 silly registry.get     'x-cache': 'HIT',
27 silly registry.get     'x-cache-hits': '1',
27 silly registry.get     'x-timer': 'S1425372696.633012,VS0,VE3',
27 silly registry.get     vary: 'Accept',
27 silly registry.get     'content-length': '0',
27 silly registry.get     'keep-alive': 'timeout=10, max=50',
27 silly registry.get     connection: 'Keep-Alive' } ]
28 verbose etag https://registry.npmjs.org/sails from cache
29 silly addNameRange number 2 { name: 'sails', range: '*', hasData: true }
30 silly addNameRange versions [ 'sails',
30 silly addNameRange   [ '0.0.0',
30 silly addNameRange     '0.0.0-2',
30 silly addNameRange     '0.7.0',
30 silly addNameRange     '0.7.0-2',
30 silly addNameRange     '0.7.0-3',
30 silly addNameRange     '0.7.0-4',
30 silly addNameRange     '0.7.0-5',
30 silly addNameRange     '0.0.0-1',
30 silly addNameRange     '0.7.0-6',
30 silly addNameRange     '0.7.0-7',
30 silly addNameRange     '0.7.0-8',
30 silly addNameRange     '0.7.1',
30 silly addNameRange     '0.7.2',
30 silly addNameRange     '0.7.3',
30 silly addNameRange     '0.7.4',
30 silly addNameRange     '0.7.4-1',
30 silly addNameRange     '0.7.5-0',
30 silly addNameRange     '0.7.6-0',
30 silly addNameRange     '0.7.7',
30 silly addNameRange     '0.7.8',
30 silly addNameRange     '0.7.9',
30 silly addNameRange     '0.8.0',
30 silly addNameRange     '0.8.1',
30 silly addNameRange     '0.8.2',
30 silly addNameRange     '0.8.3',
30 silly addNameRange     '0.8.4',
30 silly addNameRange     '0.8.5',
30 silly addNameRange     '0.8.6',
30 silly addNameRange     '0.8.7',
30 silly addNameRange     '0.8.71',
30 silly addNameRange     '0.8.72',
30 silly addNameRange     '0.8.73',
30 silly addNameRange     '0.8.74',
30 silly addNameRange     '0.8.75',
30 silly addNameRange     '0.8.76',
30 silly addNameRange     '0.8.77',
30 silly addNameRange     '0.8.78',
30 silly addNameRange     '0.8.79',
30 silly addNameRange     '0.8.80',
30 silly addNameRange     '0.8.81',
30 silly addNameRange     '0.8.82',
30 silly addNameRange     '0.8.83',
30 silly addNameRange     '0.8.84',
30 silly addNameRange     '0.8.85',
30 silly addNameRange     '0.8.86',
30 silly addNameRange     '0.8.87',
30 silly addNameRange     '0.8.88',
30 silly addNameRange     '0.8.89',
30 silly addNameRange     '0.8.89-1',
30 silly addNameRange     '0.8.892',
30 silly addNameRange     '0.8.894',
30 silly addNameRange     '0.8.895',
30 silly addNameRange     '0.8.9',
30 silly addNameRange     '0.8.91',
30 silly addNameRange     '0.8.92',
30 silly addNameRange     '0.8.93',
30 silly addNameRange     '0.8.94',
30 silly addNameRange     '0.9.0',
30 silly addNameRange     '0.9.1',
30 silly addNameRange     '0.9.2',
30 silly addNameRange     '0.9.3',
30 silly addNameRange     '0.9.4',
30 silly addNameRange     '0.9.5',
30 silly addNameRange     '0.9.7',
30 silly addNameRange     '0.9.8',
30 silly addNameRange     '0.9.9',
30 silly addNameRange     '0.10.0-rc1',
30 silly addNameRange     '0.10.0-rc2',
30 silly addNameRange     '0.10.0-rc3',
30 silly addNameRange     '0.9.11',
30 silly addNameRange     '0.10.0-rc4',
30 silly addNameRange     '0.9.12',
30 silly addNameRange     '0.9.13',
30 silly addNameRange     '0.9.15',
30 silly addNameRange     '0.9.16',
30 silly addNameRange     '0.10.0-rc5',
30 silly addNameRange     '0.10.0-rc6',
30 silly addNameRange     '0.10.0-rc7',
30 silly addNameRange     '0.10.0-rc8',
30 silly addNameRange     '0.9.17',
30 silly addNameRange     '0.10.0-rc9',
30 silly addNameRange     '0.10.0-max',
30 silly addNameRange     '0.10.0-rc10',
30 silly addNameRange     '0.10.0-rc11',
30 silly addNameRange     '0.10.1',
30 silly addNameRange     '0.10.2',
30 silly addNameRange     '0.10.3',
30 silly addNameRange     '0.10.4',
30 silly addNameRange     '0.10.5',
30 silly addNameRange     '0.11.0-rc2',
30 silly addNameRange     '0.11.0-rc3',
30 silly addNameRange     '0.11.0-rc4',
30 silly addNameRange     '0.11.0-rc5',
30 silly addNameRange     '0.11.0-rc6',
30 silly addNameRange     '0.11.0-rc7',
30 silly addNameRange     '0.11.0-rc8',
30 silly addNameRange     '0.11.0-rc9',
30 silly addNameRange     '0.11.0-rc10',
30 silly addNameRange     '0.11.0' ] ]
31 verbose addNamed [ 'sails', '0.11.0' ]
32 verbose addNamed [ '0.11.0', '0.11.0' ]
33 silly lockFile 9cfaea8d-sails-0-11-0 sails@0.11.0
34 verbose lock sails@0.11.0 /Users/Anthony/.npm/9cfaea8d-sails-0-11-0.lock
35 silly lockFile 9cfaea8d-sails-0-11-0 sails@0.11.0
36 silly lockFile 9cfaea8d-sails-0-11-0 sails@0.11.0
37 silly lockFile 5291d548-sails sails@
38 silly lockFile 5291d548-sails sails@
39 silly resolved [ { name: 'sails',
39 silly resolved     author: { name: 'Mike McNeil', email: '@mikermcneil' },
39 silly resolved     version: '0.11.0',
39 silly resolved     description: 'API-driven framework for building realtime apps, using MVC conventions (based on Express and Socket.io)',
39 silly resolved     homepage: 'http://sailsjs.org',
39 silly resolved     keywords:
39 silly resolved      [ 'mvc',
39 silly resolved        'web-framework',
39 silly resolved        'express',
39 silly resolved        'sails',
39 silly resolved        'sailsjs',
39 silly resolved        'sails.js',
39 silly resolved        'REST',
39 silly resolved        'API',
39 silly resolved        'orm',
39 silly resolved        'socket.io' ],
39 silly resolved     main: './lib/index.js',
39 silly resolved     bin: { sails: './bin/sails.js' },
39 silly resolved     scripts:
39 silly resolved      { test: 'mocha -b',
39 silly resolved        prepublish: 'npm prune',
39 silly resolved        preinstall: 'node ./lib/preinstall_npmcheck.js' },
39 silly resolved     directories: { lib: 'lib' },
39 silly resolved     dependencies:
39 silly resolved      { anchor: '~0.10.0',
39 silly resolved        async: '~0.9.0',
39 silly resolved        'captains-log': '~0.11.8',
39 silly resolved        colors: '~0.6.2',
39 silly resolved        commander: '~2.1.0',
39 silly resolved        'connect-flash': '~0.1.1',
39 silly resolved        cookie: '0.1.2',
39 silly resolved        'cookie-signature': '1.0.4',
39 silly resolved        ejs: '~0.8.4',
39 silly resolved        'ejs-locals': '~1.0.2',
39 silly resolved        express: '3.16.0',
39 silly resolved        'express-handlebars': '~1.0.1',
39 silly resolved        'fs-extra': '~0.8.1',
39 silly resolved        glob: '~3.2.9',
39 silly resolved        grunt: '0.4.2',
39 silly resolved        'grunt-cli': '~0.1.11',
39 silly resolved        'grunt-contrib-clean': '~0.5.0',
39 silly resolved        'grunt-contrib-coffee': '~0.10.1',
39 silly resolved        'grunt-contrib-concat': '~0.3.0',
39 silly resolved        'grunt-contrib-copy': '~0.5.0',
39 silly resolved        'grunt-contrib-cssmin': '~0.9.0',
39 silly resolved        'grunt-contrib-jst': '~0.6.0',
39 silly resolved        'grunt-contrib-less': '0.11.1',
39 silly resolved        'grunt-contrib-uglify': '~0.4.0',
39 silly resolved        'grunt-contrib-watch': '~0.5.3',
39 silly resolved        'grunt-sails-linker': '~0.9.5',
39 silly resolved        'grunt-sync': '~0.0.4',
39 silly resolved        i18n: '~0.5.0',
39 silly resolved        'include-all': '~0.1.3',
39 silly resolved        lodash: '~2.4.1',
39 silly resolved        'merge-defaults': '~0.1.0',
39 silly resolved        'method-override': '~2.3.0',
39 silly resolved        'mock-req': '0.1.0',
39 silly resolved        'mock-res': '0.1.0',
39 silly resolved        'node-uuid': '~1.4.0',
39 silly resolved        pluralize: '~0.0.5',
39 silly resolved        prompt: '~0.2.13',
39 silly resolved        rc: '~0.5.0',
39 silly resolved        reportback: '~0.1.4',
39 silly resolved        'sails-build-dictionary': '~0.10.1',
39 silly resolved        'sails-disk': '~0.10.0',
39 silly resolved        'sails-generate': '~0.12.0',
39 silly resolved        'sails-hook-sockets': '^0.11.13',
39 silly resolved        'sails-stringfile': '~0.3.0',
39 silly resolved        'sails-util': '~0.10.3',
39 silly resolved        semver: '~2.2.1',
39 silly resolved        skipper: '~0.5.5',
39 silly resolved        'uid-safe': '^1.0.1',
39 silly resolved        waterline: '~0.10.17' },
39 silly resolved     devDependencies:
39 silly resolved      { 'root-require': '~0.2.0',
39 silly resolved        checksum: '~0.1.1',
39 silly resolved        request: '*',
39 silly resolved        istanbul: '*',
39 silly resolved        wrench: '~1.5.1',
39 silly resolved        benchmark: '~1.0.0',
39 silly resolved        microtime: '~0.6.0',
39 silly resolved        colors: '~0.6.2',
39 silly resolved        'expect.js': '~0.2.0',
39 silly resolved        should: '~2.1.1',
39 silly resolved        supertest: '~0.8.2',
39 silly resolved        mocha: '~1.17.1',
39 silly resolved        portfinder: '~0.2.1',
39 silly resolved        'coffee-script': '~1.7.1',
39 silly resolved        'socket.io-client': '^1.2.1' },
39 silly resolved     repository: { type: 'git', url: 'git://github.com/balderdashy/sails.git' },
39 silly resolved     licenses: [ [Object] ],
39 silly resolved     bugs: { url: 'http://github.com/balderdashy/sails/issues' },
39 silly resolved     engines: { node: '>= 0.10.0', npm: '>= 1.4.0' },
39 silly resolved     _id: 'sails@0.11.0',
39 silly resolved     dist:
39 silly resolved      { shasum: '3c106b2a66f55c72ad31edaa1b83fdad78e4938c',
39 silly resolved        tarball: 'http://registry.npmjs.org/sails/-/sails-0.11.0.tgz' },
39 silly resolved     _from: 'sails@',
39 silly resolved     _npmVersion: '1.4.3',
39 silly resolved     _npmUser: { name: 'mikermcneil', email: 'michael.r.mcneil@gmail.com' },
39 silly resolved     maintainers: [ [Object], [Object], [Object], [Object] ],
39 silly resolved     _shasum: '3c106b2a66f55c72ad31edaa1b83fdad78e4938c',
39 silly resolved     _resolved: 'https://registry.npmjs.org/sails/-/sails-0.11.0.tgz',
39 silly resolved     readme: 'ERROR: No README data found!' } ]
40 info install sails@0.11.0 into /usr/local/lib
41 info installOne sails@0.11.0
42 verbose lib/node_modules/sails unbuild
43 verbose tar unpack /Users/Anthony/.npm/sails/0.11.0/package.tgz
44 silly lockFile 3abb73c9-usr-local-lib-node-modules-sails tar:///usr/local/lib/node_modules/sails
45 verbose lock tar:///usr/local/lib/node_modules/sails /Users/Anthony/.npm/3abb73c9-usr-local-lib-node-modules-sails.lock
46 silly lockFile a22da235-ony-npm-sails-0-11-0-package-tgz tar:///Users/Anthony/.npm/sails/0.11.0/package.tgz
47 verbose lock tar:///Users/Anthony/.npm/sails/0.11.0/package.tgz /Users/Anthony/.npm/a22da235-ony-npm-sails-0-11-0-package-tgz.lock
48 silly gunzTarPerm modes [ '755', '644' ]
49 error Error: EACCES, mkdir '/usr/local/lib/node_modules/sails'
49 error  { [Error: EACCES, mkdir '/usr/local/lib/node_modules/sails']
49 error   errno: 3,
49 error   code: 'EACCES',
49 error   path: '/usr/local/lib/node_modules/sails',
49 error   fstream_type: 'Directory',
49 error   fstream_path: '/usr/local/lib/node_modules/sails',
49 error   fstream_class: 'DirWriter',
49 error   fstream_stack:
49 error    [ '/usr/local/lib/node_modules/npm/node_modules/fstream/lib/dir-writer.js:36:23',
49 error      '/usr/local/lib/node_modules/npm/node_modules/mkdirp/index.js:46:53',
49 error      'Object.oncomplete (fs.js:108:15)' ] }
50 error Please try running this command again as root/Administrator.
51 error System Darwin 14.3.0
52 error command "node" "/usr/local/bin/npm" "-g" "install" "sails"
53 error cwd /Users/Anthony/Documents/Developper/GIT/SlashyProject/Slashi
54 error node -v v0.10.35
55 error npm -v 1.4.28
56 error path /usr/local/lib/node_modules/sails
57 error fstream_path /usr/local/lib/node_modules/sails
58 error fstream_type Directory
59 error fstream_class DirWriter
60 error code EACCES
61 error errno 3
62 error stack Error: EACCES, mkdir '/usr/local/lib/node_modules/sails'
63 error fstream_stack /usr/local/lib/node_modules/npm/node_modules/fstream/lib/dir-writer.js:36:23
63 error fstream_stack /usr/local/lib/node_modules/npm/node_modules/mkdirp/index.js:46:53
63 error fstream_stack Object.oncomplete (fs.js:108:15)
64 verbose exit [ 3, true ]
